project/android_test/QRShare/QRShare/app/build/intermediates/manifest_merge_blame_file/debug/manifest-merger-blame-debug-report.txt
1<?xml version="1.0" encoding="utf-8"?>
2<manifest xmlns:android="http://schemas.android.com/apk/res/android"
3    package="com.qrshare"
4    android:versionCode="1"
5    android:versionName="1.0" >
6
7    <uses-sdk
8        android:minSdkVersion="26"
9        android:targetSdkVersion="34" />
10
11    <!-- Network permissions -->
12    <uses-permission android:name="android.permission.INTERNET" />
12-->src\main\AndroidManifest.xml:5:5-67
12-->src\main\AndroidManifest.xml:5:22-64
13    <uses-permission android:name="android.permission.ACCESS_WIFI_STATE" />
13-->src\main\AndroidManifest.xml:6:5-76
13-->src\main\AndroidManifest.xml:6:22-73
14    <uses-permission android:name="android.permission.CHANGE_WIFI_STATE" />
14-->src\main\AndroidManifest.xml:7:5-76
14-->src\main\AndroidManifest.xml:7:22-73
15    <uses-permission android:name="android.permission.ACCESS_NETWORK_STATE" />
15-->src\main\AndroidManifest.xml:8:5-79
15-->src\main\AndroidManifest.xml:8:22-76
16    <uses-permission android:name="android.permission.CHANGE_NETWORK_STATE" />
16-->src\main\AndroidManifest.xml:9:5-79
16-->src\main\AndroidManifest.xml:9:22-76
17
18    <!-- Wi-Fi Direct permissions -->
19    <uses-permission android:name="android.permission.ACCESS_FINE_LOCATION" />
19-->src\main\AndroidManifest.xml:12:5-79
19-->src\main\AndroidManifest.xml:12:22-76
20    <uses-permission android:name="android.permission.ACCESS_COARSE_LOCATION" />
20-->src\main\AndroidManifest.xml:13:5-81
20-->src\main\AndroidManifest.xml:13:22-78
21    <uses-permission android:name="android.permission.NEARBY_WIFI_DEVICES" />
21-->src\main\AndroidManifest.xml:14:5-78
21-->src\main\AndroidManifest.xml:14:22-75
22
23    <!-- Camera for QR scanning -->
24    <uses-permission android:name="android.permission.CAMERA" />
24-->src\main\AndroidManifest.xml:17:5-65
24-->src\main\AndroidManifest.xml:17:22-62
25
26    <!-- Storage for file sharing -->
27    <uses-permission android:name="android.permission.READ_EXTERNAL_STORAGE" />
27-->src\main\AndroidManifest.xml:20:5-80
27-->src\main\AndroidManifest.xml:20:22-77
28    <uses-permission
28-->src\main\AndroidManifest.xml:21:5-22:38
29        android:name="android.permission.WRITE_EXTERNAL_STORAGE"
29-->src\main\AndroidManifest.xml:21:22-78
30        android:maxSdkVersion="28" />
30-->src\main\AndroidManifest.xml:22:9-35
31    <uses-permission android:name="android.permission.READ_MEDIA_IMAGES" />
31-->src\main\AndroidManifest.xml:23:5-76
31-->src\main\AndroidManifest.xml:23:22-73
32    <uses-permission android:name="android.permission.READ_MEDIA_VIDEO" />
32-->src\main\AndroidManifest.xml:24:5-75
32-->src\main\AndroidManifest.xml:24:22-72
33    <uses-permission android:name="android.permission.READ_MEDIA_AUDIO" />
33-->src\main\AndroidManifest.xml:25:5-75
33-->src\main\AndroidManifest.xml:25:22-72
34
35    <!-- Foreground service for transfers -->
36    <uses-permission android:name="android.permission.FOREGROUND_SERVICE" />
36-->src\main\AndroidManifest.xml:28:5-77
36-->src\main\AndroidManifest.xml:28:22-74
37    <uses-permission android:name="android.permission.FOREGROUND_SERVICE_DATA_SYNC" />
37-->src\main\AndroidManifest.xml:29:5-87
37-->src\main\AndroidManifest.xml:29:22-84
38
39    <uses-feature
39-->src\main\AndroidManifest.xml:31:5-89
40        android:name="android.hardware.wifi.direct"
40-->src\main\AndroidManifest.xml:31:19-62
41        android:required="true" />
41-->src\main\AndroidManifest.xml:31:63-86
42    <uses-feature
42-->src\main\AndroidManifest.xml:32:5-84
43        android:name="android.hardware.camera"
43-->src\main\AndroidManifest.xml:32:19-57
44        android:required="true" />
44-->src\main\AndroidManifest.xml:32:58-81
45
46    <permission
46-->[androidx.core:core:1.12.0] AndroidManifest.xml:22:5-24:47
47        android:name="com.qrshare.DYNAMIC_RECEIVER_NOT_EXPORTED_PERMISSION"
47-->[androidx.core:core:1.12.0] AndroidManifest.xml:23:9-81
48        android:protectionLevel="signature" />
48-->[androidx.core:core:1.12.0] AndroidManifest.xml:24:9-44
49
50    <uses-permission android:name="com.qrshare.DYNAMIC_RECEIVER_NOT_EXPORTED_PERMISSION" />
50-->[androidx.core:core:1.12.0] AndroidManifest.xml:26:5-97
50-->[androidx.core:core:1.12.0] AndroidManifest.xml:26:22-94
51
52    <uses-feature
52-->[com.journeyapps:zxing-android-embedded:4.3.0] AndroidManifest.xml:28:5-30:36
53        android:name="android.hardware.camera.front"
53-->[com.journeyapps:zxing-android-embedded:4.3.0] AndroidManifest.xml:29:9-53
54        android:required="false" /> <!-- TODO replace above two with next line after Android 4.2 -->
54-->[com.journeyapps:zxing-android-embedded:4.3.0] AndroidManifest.xml:30:9-33
55    <!-- <uses-feature android:name="android.hardware.camera.any"/> -->
56    <uses-feature
56-->[com.journeyapps:zxing-android-embedded:4.3.0] AndroidManifest.xml:33:5-35:36
57        android:name="android.hardware.camera.autofocus"
57-->[com.journeyapps:zxing-android-embedded:4.3.0] AndroidManifest.xml:34:9-57
58        android:required="false" />
58-->[com.journeyapps:zxing-android-embedded:4.3.0] AndroidManifest.xml:35:9-33
59    <uses-feature
59-->[com.journeyapps:zxing-android-embedded:4.3.0] AndroidManifest.xml:36:5-38:36
60        android:name="android.hardware.camera.flash"
60-->[com.journeyapps:zxing-android-embedded:4.3.0] AndroidManifest.xml:37:9-53
61        android:required="false" />
61-->[com.journeyapps:zxing-android-embedded:4.3.0] AndroidManifest.xml:38:9-33
62    <uses-feature
62-->[com.journeyapps:zxing-android-embedded:4.3.0] AndroidManifest.xml:39:5-41:36
63        android:name="android.hardware.screen.landscape"
63-->[com.journeyapps:zxing-android-embedded:4.3.0] AndroidManifest.xml:40:9-57
64        android:required="false" />
64-->[com.journeyapps:zxing-android-embedded:4.3.0] AndroidManifest.xml:41:9-33
65    <uses-feature
65-->[com.journeyapps:zxing-android-embedded:4.3.0] AndroidManifest.xml:42:5-44:36
66        android:name="android.hardware.wifi"
66-->[com.journeyapps:zxing-android-embedded:4.3.0] AndroidManifest.xml:43:9-45
67        android:required="false" />
67-->[com.journeyapps:zxing-android-embedded:4.3.0] AndroidManifest.xml:44:9-33
68
69    <application
69-->src\main\AndroidManifest.xml:34:5-110:19
70        android:allowBackup="true"
70-->src\main\AndroidManifest.xml:35:9-35
71        android:appComponentFactory="androidx.core.app.CoreComponentFactory"
71-->[androidx.core:core:1.12.0] AndroidManifest.xml:28:18-86
72        android:debuggable="true"
73        android:extractNativeLibs="false"
74        android:icon="@mipmap/ic_launcher"
74-->src\main\AndroidManifest.xml:36:9-43
75        android:label="@string/app_name"
75-->src\main\AndroidManifest.xml:37:9-41
76        android:networkSecurityConfig="@xml/network_security_config"
76-->src\main\AndroidManifest.xml:42:9-69
77        android:roundIcon="@mipmap/ic_launcher_round"
77-->src\main\AndroidManifest.xml:38:9-54
78        android:supportsRtl="true"
78-->src\main\AndroidManifest.xml:39:9-35
79        android:theme="@style/Theme.QRShare"
79-->src\main\AndroidManifest.xml:40:9-45
80        android:usesCleartextTraffic="true" >
80-->src\main\AndroidManifest.xml:41:9-44
81
82        <!-- Activities -->
83        <activity
83-->src\main\AndroidManifest.xml:45:9-53:20
84            android:name="com.qrshare.activities.MainActivity"
84-->src\main\AndroidManifest.xml:46:13-52
85            android:exported="true"
85-->src\main\AndroidManifest.xml:47:13-36
86            android:screenOrientation="portrait" >
86-->src\main\AndroidManifest.xml:48:13-49
87            <intent-filter>
87-->src\main\AndroidManifest.xml:49:13-52:29
88                <action android:name="android.intent.action.MAIN" />
88-->src\main\AndroidManifest.xml:50:17-69
88-->src\main\AndroidManifest.xml:50:25-66
89
90                <category android:name="android.intent.category.LAUNCHER" />
90-->src\main\AndroidManifest.xml:51:17-77
90-->src\main\AndroidManifest.xml:51:27-74
91            </intent-filter>
92        </activity>
93        <activity
93-->src\main\AndroidManifest.xml:55:9-58:52
94            android:name="com.qrshare.activities.SendActivity"
94-->src\main\AndroidManifest.xml:56:13-52
95            android:exported="false"
95-->src\main\AndroidManifest.xml:57:13-37
96            android:screenOrientation="portrait" />
96-->src\main\AndroidManifest.xml:58:13-49
97        <activity
97-->src\main\AndroidManifest.xml:60:9-63:52
98            android:name="com.qrshare.activities.ReceiveActivity"
98-->src\main\AndroidManifest.xml:61:13-55
99            android:exported="false"
99-->src\main\AndroidManifest.xml:62:13-37
100            android:screenOrientation="portrait" />
100-->src\main\AndroidManifest.xml:63:13-49
101        <activity
101-->src\main\AndroidManifest.xml:65:9-69:52
102            android:name="com.qrshare.activities.QRScanActivity"
102-->src\main\AndroidManifest.xml:66:13-54
103            android:exported="false"
103-->src\main\AndroidManifest.xml:67:13-37
104            android:screenOrientation="portrait"
104-->src\main\AndroidManifest.xml:69:13-49
105            android:theme="@style/Theme.QRShare.Scanner" />
105-->src\main\AndroidManifest.xml:68:13-57
106        <activity
106-->src\main\AndroidManifest.xml:71:9-74:52
107            android:name="com.qrshare.activities.QRPairDisplayActivity"
107-->src\main\AndroidManifest.xml:72:13-61
108            android:exported="false"
108-->src\main\AndroidManifest.xml:73:13-37
109            android:screenOrientation="portrait" />
109-->src\main\AndroidManifest.xml:74:13-49
110        <activity
110-->src\main\AndroidManifest.xml:76:9-79:52
111            android:name="com.qrshare.activities.TransferActivity"
111-->src\main\AndroidManifest.xml:77:13-56
112            android:exported="false"
112-->src\main\AndroidManifest.xml:78:13-37
113            android:screenOrientation="portrait" />
113-->src\main\AndroidManifest.xml:79:13-49
114
115        <!-- File Transfer Service -->
116        <service
116-->src\main\AndroidManifest.xml:82:9-85:56
117            android:name="com.qrshare.network.FileTransferService"
117-->src\main\AndroidManifest.xml:83:13-56
118            android:exported="false"
118-->src\main\AndroidManifest.xml:84:13-37
119            android:foregroundServiceType="dataSync" />
119-->src\main\AndroidManifest.xml:85:13-53
120
121        <!-- Wi-Fi Direct Receiver -->
122        <receiver
122-->src\main\AndroidManifest.xml:88:9-97:20
123            android:name="com.qrshare.network.WiFiDirectBroadcastReceiver"
123-->src\main\AndroidManifest.xml:89:13-64
124            android:exported="false" >
124-->src\main\AndroidManifest.xml:90:13-37
125            <intent-filter>
125-->src\main\AndroidManifest.xml:91:13-96:29
126                <action android:name="android.net.wifi.p2p.STATE_CHANGED" />
126-->src\main\AndroidManifest.xml:92:17-77
126-->src\main\AndroidManifest.xml:92:25-74
127                <action android:name="android.net.wifi.p2p.PEERS_CHANGED" />
127-->src\main\AndroidManifest.xml:93:17-77
127-->src\main\AndroidManifest.xml:93:25-74
128                <action android:name="android.net.wifi.p2p.CONNECTION_STATE_CHANGE" />
128-->src\main\AndroidManifest.xml:94:17-87
128-->src\main\AndroidManifest.xml:94:25-84
129                <action android:name="android.net.wifi.p2p.THIS_DEVICE_CHANGED" />
129-->src\main\AndroidManifest.xml:95:17-83
129-->src\main\AndroidManifest.xml:95:25-80
130            </intent-filter>
131        </receiver>
132
133        <!-- File Provider for sharing files -->
134        <provider
135            android:name="androidx.core.content.FileProvider"
135-->src\main\AndroidManifest.xml:101:13-62
136            android:authorities="com.qrshare.fileprovider"
136-->src\main\AndroidManifest.xml:102:13-64
137            android:exported="false"
137-->src\main\AndroidManifest.xml:103:13-37
138            android:grantUriPermissions="true" >
138-->src\main\AndroidManifest.xml:104:13-47
139            <meta-data
139-->src\main\AndroidManifest.xml:105:13-107:54
140                android:name="android.support.FILE_PROVIDER_PATHS"
140-->src\main\AndroidManifest.xml:106:17-67
141                android:resource="@xml/file_paths" />
141-->src\main\AndroidManifest.xml:107:17-51
142        </provider>
143
144        <service
144-->[androidx.camera:camera-camera2:1.3.1] AndroidManifest.xml:24:9-33:19
145            android:name="androidx.camera.core.impl.MetadataHolderService"
145-->[androidx.camera:camera-camera2:1.3.1] AndroidManifest.xml:25:13-75
146            android:enabled="false"
146-->[androidx.camera:camera-camera2:1.3.1] AndroidManifest.xml:26:13-36
147            android:exported="false" >
147-->[androidx.camera:camera-camera2:1.3.1] AndroidManifest.xml:27:13-37
148            <meta-data
148-->[androidx.camera:camera-camera2:1.3.1] AndroidManifest.xml:30:13-32:89
149                android:name="androidx.camera.core.impl.MetadataHolderService.DEFAULT_CONFIG_PROVIDER"
149-->[androidx.camera:camera-camera2:1.3.1] AndroidManifest.xml:31:17-103
150                android:value="androidx.camera.camera2.Camera2Config$DefaultProvider" />
150-->[androidx.camera:camera-camera2:1.3.1] AndroidManifest.xml:32:17-86
151        </service>
152        <service
152-->[com.google.android.gms:play-services-mlkit-barcode-scanning:18.3.0] AndroidManifest.xml:9:9-15:19
153            android:name="com.google.mlkit.common.internal.MlKitComponentDiscoveryService"
153-->[com.google.android.gms:play-services-mlkit-barcode-scanning:18.3.0] AndroidManifest.xml:10:13-91
154            android:directBootAware="true"
154-->[com.google.mlkit:common:18.9.0] AndroidManifest.xml:17:13-43
155            android:exported="false" >
155-->[com.google.android.gms:play-services-mlkit-barcode-scanning:18.3.0] AndroidManifest.xml:11:13-37
156            <meta-data
156-->[com.google.android.gms:play-services-mlkit-barcode-scanning:18.3.0] AndroidManifest.xml:12:13-14:85
157                android:name="com.google.firebase.components:com.google.mlkit.vision.barcode.internal.BarcodeRegistrar"
157-->[com.google.android.gms:play-services-mlkit-barcode-scanning:18.3.0] AndroidManifest.xml:13:17-120
158                android:value="com.google.firebase.components.ComponentRegistrar" />
158-->[com.google.android.gms:play-services-mlkit-barcode-scanning:18.3.0] AndroidManifest.xml:14:17-82
159            <meta-data
159-->[com.google.mlkit:vision-common:17.3.0] AndroidManifest.xml:12:13-14:85
160                android:name="com.google.firebase.components:com.google.mlkit.vision.common.internal.VisionCommonRegistrar"
160-->[com.google.mlkit:vision-common:17.3.0] AndroidManifest.xml:13:17-124
161                android:value="com.google.firebase.components.ComponentRegistrar" />
161-->[com.google.mlkit:vision-common:17.3.0] AndroidManifest.xml:14:17-82
162            <meta-data
162-->[com.google.mlkit:common:18.9.0] AndroidManifest.xml:20:13-22:85
163                android:name="com.google.firebase.components:com.google.mlkit.common.internal.CommonComponentRegistrar"
163-->[com.google.mlkit:common:18.9.0] AndroidManifest.xml:21:17-120
164                android:value="com.google.firebase.components.ComponentRegistrar" />
164-->[com.google.mlkit:common:18.9.0] AndroidManifest.xml:22:17-82
165        </service>
166
167        <provider
167-->[com.google.mlkit:common:18.9.0] AndroidManifest.xml:9:9-13:38
168            android:name="com.google.mlkit.common.internal.MlKitInitProvider"
168-->[com.google.mlkit:common:18.9.0] AndroidManifest.xml:10:13-78
169            android:authorities="com.qrshare.mlkitinitprovider"
169-->[com.google.mlkit:common:18.9.0] AndroidManifest.xml:11:13-69
170            android:exported="false"
170-->[com.google.mlkit:common:18.9.0] AndroidManifest.xml:12:13-37
171            android:initOrder="99" />
171-->[com.google.mlkit:common:18.9.0] AndroidManifest.xml:13:13-35
172
173        <activity
173-->[com.google.android.gms:play-services-base:18.1.0] AndroidManifest.xml:20:9-22:45
174            android:name="com.google.android.gms.common.api.GoogleApiActivity"
174-->[com.google.android.gms:play-services-base:18.1.0] AndroidManifest.xml:20:19-85
175            android:exported="false"
175-->[com.google.android.gms:play-services-base:18.1.0] AndroidManifest.xml:22:19-43
176            android:theme="@android:style/Theme.Translucent.NoTitleBar" />
176-->[com.google.android.gms:play-services-base:18.1.0] AndroidManifest.xml:21:19-78
177
178        <meta-data
178-->[com.google.android.gms:play-services-basement:18.1.0] AndroidManifest.xml:21:9-23:69
179            android:name="com.google.android.gms.version"
179-->[com.google.android.gms:play-services-basement:18.1.0] AndroidManifest.xml:22:13-58
180            android:value="@integer/google_play_services_version" />
180-->[com.google.android.gms:play-services-basement:18.1.0] AndroidManifest.xml:23:13-66
181
182        <provider
182-->[androidx.emoji2:emoji2:1.2.0] AndroidManifest.xml:24:9-32:20
183            android:name="androidx.startup.InitializationProvider"
183-->[androidx.emoji2:emoji2:1.2.0] AndroidManifest.xml:25:13-67
184            android:authorities="com.qrshare.androidx-startup"
184-->[androidx.emoji2:emoji2:1.2.0] AndroidManifest.xml:26:13-68
185            android:exported="false" >
185-->[androidx.emoji2:emoji2:1.2.0] AndroidManifest.xml:27:13-37
186            <meta-data
186-->[androidx.emoji2:emoji2:1.2.0] AndroidManifest.xml:29:13-31:52
187                android:name="androidx.emoji2.text.EmojiCompatInitializer"
187-->[androidx.emoji2:emoji2:1.2.0] AndroidManifest.xml:30:17-75
188                android:value="androidx.startup" />
188-->[androidx.emoji2:emoji2:1.2.0] AndroidManifest.xml:31:17-49
189            <meta-data
189-->[androidx.lifecycle:lifecycle-process:2.7.0] AndroidManifest.xml:29:13-31:52
190                android:name="androidx.lifecycle.ProcessLifecycleInitializer"
190-->[androidx.lifecycle:lifecycle-process:2.7.0] AndroidManifest.xml:30:17-78
191                android:value="androidx.startup" />
191-->[androidx.lifecycle:lifecycle-process:2.7.0] AndroidManifest.xml:31:17-49
192            <meta-data
192-->[androidx.profileinstaller:profileinstaller:1.3.0] AndroidManifest.xml:29:13-31:52
193                android:name="androidx.profileinstaller.ProfileInstallerInitializer"
193-->[androidx.profileinstaller:profileinstaller:1.3.0] AndroidManifest.xml:30:17-85
194                android:value="androidx.startup" />
194-->[androidx.profileinstaller:profileinstaller:1.3.0] AndroidManifest.xml:31:17-49
195        </provider>
196
197        <receiver
197-->[androidx.profileinstaller:profileinstaller:1.3.0] AndroidManifest.xml:34:9-52:20
198            android:name="androidx.profileinstaller.ProfileInstallReceiver"
198-->[androidx.profileinstaller:profileinstaller:1.3.0] AndroidManifest.xml:35:13-76
199            android:directBootAware="false"
199-->[androidx.profileinstaller:profileinstaller:1.3.0] AndroidManifest.xml:36:13-44
200            android:enabled="true"
200-->[androidx.profileinstaller:profileinstaller:1.3.0] AndroidManifest.xml:37:13-35
201            android:exported="true"
201-->[androidx.profileinstaller:profileinstaller:1.3.0] AndroidManifest.xml:38:13-36
202            android:permission="android.permission.DUMP" >
202-->[androidx.profileinstaller:profileinstaller:1.3.0] AndroidManifest.xml:39:13-57
203            <intent-filter>
203-->[androidx.profileinstaller:profileinstaller:1.3.0] AndroidManifest.xml:40:13-42:29
204                <action android:name="androidx.profileinstaller.action.INSTALL_PROFILE" />
204-->[androidx.profileinstaller:profileinstaller:1.3.0] AndroidManifest.xml:41:17-91
204-->[androidx.profileinstaller:profileinstaller:1.3.0] AndroidManifest.xml:41:25-88
205            </intent-filter>
206            <intent-filter>
206-->[androidx.profileinstaller:profileinstaller:1.3.0] AndroidManifest.xml:43:13-45:29
207                <action android:name="androidx.profileinstaller.action.SKIP_FILE" />
207-->[androidx.profileinstaller:profileinstaller:1.3.0] AndroidManifest.xml:44:17-85
207-->[androidx.profileinstaller:profileinstaller:1.3.0] AndroidManifest.xml:44:25-82
208            </intent-filter>
209            <intent-filter>
209-->[androidx.profileinstaller:profileinstaller:1.3.0] AndroidManifest.xml:46:13-48:29
210                <action android:name="androidx.profileinstaller.action.SAVE_PROFILE" />
210-->[androidx.profileinstaller:profileinstaller:1.3.0] AndroidManifest.xml:47:17-88
210-->[androidx.profileinstaller:profileinstaller:1.3.0] AndroidManifest.xml:47:25-85
211            </intent-filter>
212            <intent-filter>
212-->[androidx.profileinstaller:profileinstaller:1.3.0] AndroidManifest.xml:49:13-51:29
213                <action android:name="androidx.profileinstaller.action.BENCHMARK_OPERATION" />
213-->[androidx.profileinstaller:profileinstaller:1.3.0] AndroidManifest.xml:50:17-95
213-->[androidx.profileinstaller:profileinstaller:1.3.0] AndroidManifest.xml:50:25-92
214            </intent-filter>
215        </receiver>
216
217        <service
217-->[com.google.android.datatransport:transport-backend-cct:2.3.3] AndroidManifest.xml:29:9-35:19
218            android:name="com.google.android.datatransport.runtime.backends.TransportBackendDiscovery"
218-->[com.google.android.datatransport:transport-backend-cct:2.3.3] AndroidManifest.xml:30:13-103
219            android:exported="false" >
219-->[com.google.android.datatransport:transport-backend-cct:2.3.3] AndroidManifest.xml:31:13-37
220            <meta-data
220-->[com.google.android.datatransport:transport-backend-cct:2.3.3] AndroidManifest.xml:32:13-34:39
221                android:name="backend:com.google.android.datatransport.cct.CctBackendFactory"
221-->[com.google.android.datatransport:transport-backend-cct:2.3.3] AndroidManifest.xml:33:17-94
222                android:value="cct" />
222-->[com.google.android.datatransport:transport-backend-cct:2.3.3] AndroidManifest.xml:34:17-36
223        </service>
224        <service
224-->[com.google.android.datatransport:transport-runtime:2.2.6] AndroidManifest.xml:26:9-30:19
225            android:name="com.google.android.datatransport.runtime.scheduling.jobscheduling.JobInfoSchedulerService"
225-->[com.google.android.datatransport:transport-runtime:2.2.6] AndroidManifest.xml:27:13-117
226            android:exported="false"
226-->[com.google.android.datatransport:transport-runtime:2.2.6] AndroidManifest.xml:28:13-37
227            android:permission="android.permission.BIND_JOB_SERVICE" >
227-->[com.google.android.datatransport:transport-runtime:2.2.6] AndroidManifest.xml:29:13-69
228        </service>
229
230        <receiver
230-->[com.google.android.datatransport:transport-runtime:2.2.6] AndroidManifest.xml:32:9-34:40
231            android:name="com.google.android.datatransport.runtime.scheduling.jobscheduling.AlarmManagerSchedulerBroadcastReceiver"
231-->[com.google.android.datatransport:transport-runtime:2.2.6] AndroidManifest.xml:33:13-132
232            android:exported="false" />
232-->[com.google.android.datatransport:transport-runtime:2.2.6] AndroidManifest.xml:34:13-37
233
234        <activity
234-->[com.journeyapps:zxing-android-embedded:4.3.0] AndroidManifest.xml:47:9-53:63
235            android:name="com.journeyapps.barcodescanner.CaptureActivity"
235-->[com.journeyapps:zxing-android-embedded:4.3.0] AndroidManifest.xml:48:13-74
236            android:clearTaskOnLaunch="true"
236-->[com.journeyapps:zxing-android-embedded:4.3.0] AndroidManifest.xml:49:13-45
237            android:screenOrientation="sensorLandscape"
237-->[com.journeyapps:zxing-android-embedded:4.3.0] AndroidManifest.xml:50:13-56
238            android:stateNotNeeded="true"
238-->[com.journeyapps:zxing-android-embedded:4.3.0] AndroidManifest.xml:51:13-42
239            android:theme="@style/zxing_CaptureTheme"
239-->[com.journeyapps:zxing-android-embedded:4.3.0] AndroidManifest.xml:52:13-54
240            android:windowSoftInputMode="stateAlwaysHidden" />
240-->[com.journeyapps:zxing-android-embedded:4.3.0] AndroidManifest.xml:53:13-60
241    </application>
242
243</manifest>